{"contracts/Raffle.sol":{"l":{"51":3,"52":3,"53":3,"54":3,"55":3,"56":3,"57":3,"58":3,"68":8,"69":1,"71":7,"72":1,"74":6,"75":6,"96":6,"97":6,"98":6,"99":6,"100":6,"106":2,"107":2,"108":0,"114":2,"115":2,"122":2,"126":0,"127":0,"128":0,"129":0,"130":0,"131":0,"132":0,"134":0,"135":0,"137":0,"142":9,"146":1,"150":0,"154":2,"158":0,"162":0,"166":0,"170":0,"174":10},"path":"/Users/dariantaban/Documents/solidityWork/chainlink-lottery/contracts/Raffle.sol","s":{"1":3,"2":3,"3":3,"4":3,"5":3,"6":3,"7":3,"8":3,"9":8,"10":7,"11":6,"12":6,"13":6,"14":6,"15":6,"16":6,"17":6,"18":2,"19":2,"20":2,"21":2,"22":2,"23":0,"24":0,"25":0,"26":0,"27":0,"28":0,"29":0,"30":0,"31":0,"32":9,"33":1,"34":0,"35":2,"36":0,"37":0,"38":0,"39":0,"40":10},"b":{"1":[1,7],"2":[1,6],"3":[0,2],"4":[0,0]},"f":{"1":3,"2":8,"3":6,"4":2,"5":0,"6":9,"7":1,"8":0,"9":2,"10":0,"11":0,"12":0,"13":0,"14":10},"fnMap":{"1":{"name":"constructor","line":50,"loc":{"start":{"line":43,"column":4},"end":{"line":59,"column":4}}},"2":{"name":"enterRaffle","line":67,"loc":{"start":{"line":67,"column":4},"end":{"line":76,"column":4}}},"3":{"name":"checkUpkeep","line":86,"loc":{"start":{"line":86,"column":4},"end":{"line":101,"column":4}}},"4":{"name":"performUpkeep","line":103,"loc":{"start":{"line":103,"column":4},"end":{"line":123,"column":4}}},"5":{"name":"fulfillRandomWords","line":125,"loc":{"start":{"line":125,"column":4},"end":{"line":138,"column":4}}},"6":{"name":"getEntranceFee","line":141,"loc":{"start":{"line":141,"column":4},"end":{"line":143,"column":4}}},"7":{"name":"getPlayer","line":145,"loc":{"start":{"line":145,"column":4},"end":{"line":147,"column":4}}},"8":{"name":"getRecentWinner","line":149,"loc":{"start":{"line":149,"column":4},"end":{"line":151,"column":4}}},"9":{"name":"getRaffleState","line":153,"loc":{"start":{"line":153,"column":4},"end":{"line":155,"column":4}}},"10":{"name":"getNumWords","line":157,"loc":{"start":{"line":157,"column":4},"end":{"line":159,"column":4}}},"11":{"name":"getNumberOfPlayers","line":161,"loc":{"start":{"line":161,"column":4},"end":{"line":163,"column":4}}},"12":{"name":"getLatestTimestamp","line":165,"loc":{"start":{"line":165,"column":4},"end":{"line":167,"column":4}}},"13":{"name":"getRequestConfirmations","line":169,"loc":{"start":{"line":169,"column":4},"end":{"line":171,"column":4}}},"14":{"name":"getInterval","line":173,"loc":{"start":{"line":173,"column":4},"end":{"line":175,"column":4}}}},"statementMap":{"1":{"start":{"line":51,"column":8},"end":{"line":51,"column":34}},"2":{"start":{"line":52,"column":8},"end":{"line":52,"column":69}},"3":{"start":{"line":53,"column":8},"end":{"line":53,"column":26}},"4":{"start":{"line":54,"column":8},"end":{"line":54,"column":40}},"5":{"start":{"line":55,"column":8},"end":{"line":55,"column":44}},"6":{"start":{"line":56,"column":8},"end":{"line":56,"column":39}},"7":{"start":{"line":57,"column":8},"end":{"line":57,"column":40}},"8":{"start":{"line":58,"column":8},"end":{"line":58,"column":28}},"9":{"start":{"line":68,"column":8},"end":{"line":68,"column":2220}},"10":{"start":{"line":71,"column":8},"end":{"line":71,"column":2321}},"11":{"start":{"line":74,"column":8},"end":{"line":74,"column":42}},"12":{"start":{"line":75,"column":8},"end":{"line":75,"column":36}},"13":{"start":{"line":96,"column":8},"end":{"line":96,"column":57}},"14":{"start":{"line":97,"column":8},"end":{"line":97,"column":76}},"15":{"start":{"line":98,"column":8},"end":{"line":98,"column":48}},"16":{"start":{"line":99,"column":8},"end":{"line":99,"column":51}},"17":{"start":{"line":100,"column":8},"end":{"line":100,"column":72}},"18":{"start":{"line":106,"column":8},"end":{"line":106,"column":47}},"19":{"start":{"line":107,"column":8},"end":{"line":107,"column":3524}},"20":{"start":{"line":114,"column":8},"end":{"line":114,"column":46}},"21":{"start":{"line":115,"column":8},"end":{"line":115,"column":3784}},"22":{"start":{"line":122,"column":8},"end":{"line":122,"column":45}},"23":{"start":{"line":126,"column":8},"end":{"line":126,"column":65}},"24":{"start":{"line":127,"column":8},"end":{"line":127,"column":63}},"25":{"start":{"line":128,"column":8},"end":{"line":128,"column":36}},"26":{"start":{"line":129,"column":8},"end":{"line":129,"column":39}},"27":{"start":{"line":130,"column":8},"end":{"line":130,"column":43}},"28":{"start":{"line":131,"column":8},"end":{"line":131,"column":40}},"29":{"start":{"line":132,"column":8},"end":{"line":132,"column":78}},"30":{"start":{"line":134,"column":8},"end":{"line":134,"column":4539}},"31":{"start":{"line":137,"column":8},"end":{"line":137,"column":39}},"32":{"start":{"line":142,"column":8},"end":{"line":142,"column":28}},"33":{"start":{"line":146,"column":8},"end":{"line":146,"column":31}},"34":{"start":{"line":150,"column":8},"end":{"line":150,"column":29}},"35":{"start":{"line":154,"column":8},"end":{"line":154,"column":28}},"36":{"start":{"line":158,"column":8},"end":{"line":158,"column":24}},"37":{"start":{"line":162,"column":8},"end":{"line":162,"column":31}},"38":{"start":{"line":166,"column":8},"end":{"line":166,"column":30}},"39":{"start":{"line":170,"column":8},"end":{"line":170,"column":36}},"40":{"start":{"line":174,"column":8},"end":{"line":174,"column":25}}},"branchMap":{"1":{"line":68,"type":"if","locations":[{"start":{"line":68,"column":8},"end":{"line":68,"column":8}},{"start":{"line":68,"column":8},"end":{"line":68,"column":8}}]},"2":{"line":71,"type":"if","locations":[{"start":{"line":71,"column":8},"end":{"line":71,"column":8}},{"start":{"line":71,"column":8},"end":{"line":71,"column":8}}]},"3":{"line":107,"type":"if","locations":[{"start":{"line":107,"column":8},"end":{"line":107,"column":8}},{"start":{"line":107,"column":8},"end":{"line":107,"column":8}}]},"4":{"line":134,"type":"if","locations":[{"start":{"line":134,"column":8},"end":{"line":134,"column":8}},{"start":{"line":134,"column":8},"end":{"line":134,"column":8}}]}}},"contracts/VRFCoordinatorV2Mock.sol":{"l":{},"path":"/Users/dariantaban/Documents/solidityWork/chainlink-lottery/contracts/VRFCoordinatorV2Mock.sol","s":{},"b":{},"f":{},"fnMap":{},"statementMap":{},"branchMap":{}}}